<?xml version="1.0" encoding="UTF-8"?>
<testsuite xmlns:xsi="http://www.w3.org/2001/XMLSchema-instance" xsi:noNamespaceSchemaLocation="https://maven.apache.org/surefire/maven-surefire-plugin/xsd/surefire-test-report.xsd" name="TestSuite" time="4.667" tests="2" errors="0" skipped="0" failures="2">
  <properties>
    <property name="sun.desktop" value="windows"/>
    <property name="awt.toolkit" value="sun.awt.windows.WToolkit"/>
    <property name="file.encoding.pkg" value="sun.io"/>
    <property name="java.specification.version" value="1.8"/>
    <property name="sun.cpu.isalist" value="amd64"/>
    <property name="sun.jnu.encoding" value="Cp1252"/>
    <property name="java.class.path" value="C:\Program Files\Mevan\apache-maven-3.5.4\bin\..\boot\plexus-classworlds-2.5.2.jar"/>
    <property name="java.vm.vendor" value="Oracle Corporation"/>
    <property name="sun.arch.data.model" value="64"/>
    <property name="user.variant" value=""/>
    <property name="java.vendor.url" value="http://java.oracle.com/"/>
    <property name="user.timezone" value="Asia/Colombo"/>
    <property name="maven.conf" value="C:\Program Files\Mevan\apache-maven-3.5.4\bin\../conf"/>
    <property name="os.name" value="Windows 10"/>
    <property name="java.vm.specification.version" value="1.8"/>
    <property name="user.country" value="US"/>
    <property name="sun.java.launcher" value="SUN_STANDARD"/>
    <property name="sun.boot.library.path" value="C:\Program Files\Java\jdk1.8.0_181\jre\bin"/>
    <property name="sun.java.command" value="org.codehaus.plexus.classworlds.launcher.Launcher clean install"/>
    <property name="maven.home" value="C:\Program Files\Mevan\apache-maven-3.5.4\bin\.."/>
    <property name="surefire.test.class.path" value="D:\TelbizAPiAutomation\target\test-classes;D:\TelbizAPiAutomation\target\classes;C:\Users\Kanishka_09285\.m2\log4j\log4j\1.2.17\log4j-1.2.17.jar;C:\Users\Kanishka_09285\.m2\org\testng\testng\6.14.3\testng-6.14.3.jar;C:\Users\Kanishka_09285\.m2\com\beust\jcommander\1.72\jcommander-1.72.jar;C:\Users\Kanishka_09285\.m2\org\apache-extras\beanshell\bsh\2.0b6\bsh-2.0b6.jar;C:\Users\Kanishka_09285\.m2\com\oracle\ojdbc6\11.1.0.7.0\ojdbc6-11.1.0.7.0.jar;C:\Users\Kanishka_09285\.m2\io\rest-assured\rest-assured\3.0.1\rest-assured-3.0.1.jar;C:\Users\Kanishka_09285\.m2\org\codehaus\groovy\groovy\2.4.6\groovy-2.4.6.jar;C:\Users\Kanishka_09285\.m2\org\codehaus\groovy\groovy-xml\2.4.6\groovy-xml-2.4.6.jar;C:\Users\Kanishka_09285\.m2\org\apache\httpcomponents\httpclient\4.5.2\httpclient-4.5.2.jar;C:\Users\Kanishka_09285\.m2\org\apache\httpcomponents\httpcore\4.4.4\httpcore-4.4.4.jar;C:\Users\Kanishka_09285\.m2\org\apache\httpcomponents\httpmime\4.5.1\httpmime-4.5.1.jar;C:\Users\Kanishka_09285\.m2\org\hamcrest\hamcrest-core\1.3\hamcrest-core-1.3.jar;C:\Users\Kanishka_09285\.m2\org\hamcrest\hamcrest-library\1.3\hamcrest-library-1.3.jar;C:\Users\Kanishka_09285\.m2\org\ccil\cowan\tagsoup\tagsoup\1.2.1\tagsoup-1.2.1.jar;C:\Users\Kanishka_09285\.m2\io\rest-assured\json-path\3.0.1\json-path-3.0.1.jar;C:\Users\Kanishka_09285\.m2\org\codehaus\groovy\groovy-json\2.4.6\groovy-json-2.4.6.jar;C:\Users\Kanishka_09285\.m2\io\rest-assured\rest-assured-common\3.0.1\rest-assured-common-3.0.1.jar;C:\Users\Kanishka_09285\.m2\io\rest-assured\xml-path\3.0.1\xml-path-3.0.1.jar;C:\Users\Kanishka_09285\.m2\net\sourceforge\htmlunit\htmlunit\2.15\htmlunit-2.15.jar;C:\Users\Kanishka_09285\.m2\xalan\xalan\2.7.1\xalan-2.7.1.jar;C:\Users\Kanishka_09285\.m2\xalan\serializer\2.7.1\serializer-2.7.1.jar;C:\Users\Kanishka_09285\.m2\commons-collections\commons-collections\3.2.1\commons-collections-3.2.1.jar;C:\Users\Kanishka_09285\.m2\org\apache\commons\commons-lang3\3.3.2\commons-lang3-3.3.2.jar;C:\Users\Kanishka_09285\.m2\commons-codec\commons-codec\1.9\commons-codec-1.9.jar;C:\Users\Kanishka_09285\.m2\net\sourceforge\htmlunit\htmlunit-core-js\2.15\htmlunit-core-js-2.15.jar;C:\Users\Kanishka_09285\.m2\xerces\xercesImpl\2.11.0\xercesImpl-2.11.0.jar;C:\Users\Kanishka_09285\.m2\xml-apis\xml-apis\1.4.01\xml-apis-1.4.01.jar;C:\Users\Kanishka_09285\.m2\net\sourceforge\nekohtml\nekohtml\1.9.21\nekohtml-1.9.21.jar;C:\Users\Kanishka_09285\.m2\net\sourceforge\cssparser\cssparser\0.9.14\cssparser-0.9.14.jar;C:\Users\Kanishka_09285\.m2\org\w3c\css\sac\1.3\sac-1.3.jar;C:\Users\Kanishka_09285\.m2\commons-io\commons-io\2.4\commons-io-2.4.jar;C:\Users\Kanishka_09285\.m2\commons-logging\commons-logging\1.1.3\commons-logging-1.1.3.jar;C:\Users\Kanishka_09285\.m2\org\eclipse\jetty\jetty-websocket\8.1.15.v20140411\jetty-websocket-8.1.15.v20140411.jar;C:\Users\Kanishka_09285\.m2\org\eclipse\jetty\jetty-util\8.1.15.v20140411\jetty-util-8.1.15.v20140411.jar;C:\Users\Kanishka_09285\.m2\org\eclipse\jetty\jetty-io\8.1.15.v20140411\jetty-io-8.1.15.v20140411.jar;C:\Users\Kanishka_09285\.m2\org\eclipse\jetty\jetty-http\8.1.15.v20140411\jetty-http-8.1.15.v20140411.jar;"/>
    <property name="sun.cpu.endian" value="little"/>
    <property name="user.home" value="C:\Users\Kanishka_09285"/>
    <property name="user.language" value="en"/>
    <property name="sun.stderr.encoding" value="cp437"/>
    <property name="java.specification.vendor" value="Oracle Corporation"/>
    <property name="java.home" value="C:\Program Files\Java\jdk1.8.0_181\jre"/>
    <property name="basedir" value="D:\TelbizAPiAutomation"/>
    <property name="file.separator" value="\"/>
    <property name="line.separator" value="&#10;"/>
    <property name="sun.stdout.encoding" value="cp437"/>
    <property name="java.vm.specification.vendor" value="Oracle Corporation"/>
    <property name="java.specification.name" value="Java Platform API Specification"/>
    <property name="java.awt.graphicsenv" value="sun.awt.Win32GraphicsEnvironment"/>
    <property name="sun.boot.class.path" value="C:\Program Files\Java\jdk1.8.0_181\jre\lib\resources.jar;C:\Program Files\Java\jdk1.8.0_181\jre\lib\rt.jar;C:\Program Files\Java\jdk1.8.0_181\jre\lib\sunrsasign.jar;C:\Program Files\Java\jdk1.8.0_181\jre\lib\jsse.jar;C:\Program Files\Java\jdk1.8.0_181\jre\lib\jce.jar;C:\Program Files\Java\jdk1.8.0_181\jre\lib\charsets.jar;C:\Program Files\Java\jdk1.8.0_181\jre\lib\jfr.jar;C:\Program Files\Java\jdk1.8.0_181\jre\classes"/>
    <property name="user.script" value=""/>
    <property name="sun.management.compiler" value="HotSpot 64-Bit Tiered Compilers"/>
    <property name="java.runtime.version" value="1.8.0_181-b13"/>
    <property name="user.name" value="Kanishka_09285"/>
    <property name="path.separator" value=";"/>
    <property name="os.version" value="10.0"/>
    <property name="java.endorsed.dirs" value="C:\Program Files\Java\jdk1.8.0_181\jre\lib\endorsed"/>
    <property name="java.runtime.name" value="Java(TM) SE Runtime Environment"/>
    <property name="file.encoding" value="Cp1252"/>
    <property name="guice.disable.misplaced.annotation.check" value="true"/>
    <property name="java.vm.name" value="Java HotSpot(TM) 64-Bit Server VM"/>
    <property name="localRepository" value="C:\Users\Kanishka_09285\.m2"/>
    <property name="java.vendor.url.bug" value="http://bugreport.sun.com/bugreport/"/>
    <property name="java.io.tmpdir" value="C:\Users\KANISH~1\AppData\Local\Temp\"/>
    <property name="java.version" value="1.8.0_181"/>
    <property name="user.dir" value="D:\TelbizAPiAutomation"/>
    <property name="os.arch" value="amd64"/>
    <property name="maven.multiModuleProjectDirectory" value="D:\TelbizAPiAutomation"/>
    <property name="java.vm.specification.name" value="Java Virtual Machine Specification"/>
    <property name="java.awt.printerjob" value="sun.awt.windows.WPrinterJob"/>
    <property name="sun.os.patch.level" value=""/>
    <property name="java.library.path" value="C:\Program Files\Java\jdk1.8.0_181\bin;C:\WINDOWS\Sun\Java\bin;C:\WINDOWS\system32;C:\WINDOWS;C:\Program Files (x86)\Common Files\Oracle\Java\javapath;D:\app\Oracle\product\11.2.0\client_1\bin;C:\WINDOWS\system32;C:\WINDOWS;C:\WINDOWS\System32\Wbem;C:\WINDOWS\System32\WindowsPowerShell\v1.0\;C:\WINDOWS\System32\OpenSSH\;C:\Program Files (x86)\Windows Imaging\;C:\Program Files\PuTTY\;C:\Program Files\Mevan\apache-maven-3.5.4\bin;C:\Program Files\Git\cmd;%JAVA_HOME\bin;C:\Users\Kanishka_09285\AppData\Local\Microsoft\WindowsApps;;."/>
    <property name="java.vm.info" value="mixed mode"/>
    <property name="java.vendor" value="Oracle Corporation"/>
    <property name="java.vm.version" value="25.181-b13"/>
    <property name="classworlds.conf" value="C:\Program Files\Mevan\apache-maven-3.5.4\bin\..\bin\m2.conf"/>
    <property name="java.ext.dirs" value="C:\Program Files\Java\jdk1.8.0_181\jre\lib\ext;C:\WINDOWS\Sun\Java\lib\ext"/>
    <property name="sun.io.unicode.encoding" value="UnicodeLittle"/>
    <property name="library.jansi.path" value="C:\Program Files\Mevan\apache-maven-3.5.4\bin\..\lib\jansi-native"/>
    <property name="java.class.version" value="52.0"/>
  </properties>
  <testcase name="ActivaeEbill" classname="crm.telbiz.api.calls.TestApp" time="0.728">
    <failure message="Failed to parse the JSON document" type="io.restassured.path.json.exception.JsonPathException"><![CDATA[io.restassured.path.json.exception.JsonPathException: Failed to parse the JSON document
	at crm.telbiz.api.calls.TestApp.ActivaeEbill(TestApp.java:158)
Caused by: groovy.json.JsonException: Lexing failed on line: 1, column: 1, while reading '<', no possible valid JSON value or punctuation could be recognized.
	at crm.telbiz.api.calls.TestApp.ActivaeEbill(TestApp.java:158)
]]></failure>
    <system-out><![CDATA[io.restassured.internal.RestAssuredResponseImpl@e07b4db
HTTP/1.1 200 OK
X-Frame-Options: DENY
Cache-Control: no-store
X-Content-Type-Options: nosniff
Pragma: no-cache
X-XSS-Protection: 1; mode=block
Content-Type: application/json; charset=UTF-8
Date: Mon, 24 Dec 2018 11:59:05 GMT
Transfer-Encoding: chunked
Connection: Keep-Alive

{
    "access_token": "ec4a9e58-b779-3f78-be69-21b28b6d4fde",
    "refresh_token": "2a4973fd-291f-39e3-8604-68aa02e9d0f0",
    "scope": "default",
    "token_type": "Bearer",
    "expires_in": 5757
}
accessToken isec4a9e58-b779-3f78-be69-21b28b6d4fde
]]></system-out>
  </testcase>
  <testcase name="eEbillRegStatusAPI" classname="crm.telbiz.api.calls.TestApp" time="0.292">
    <failure message="expected [200] but found [401]" type="java.lang.AssertionError">java.lang.AssertionError: expected [200] but found [401]
	at crm.telbiz.api.calls.TestApp.eEbillRegStatusAPI(TestApp.java:49)
</failure>
    <system-out><![CDATA[0114710863
<ams:fault xmlns:ams="http://wso2.org/apimanager/security"><ams:code>900904</ams:code><ams:message>Access Token Inactive</ams:message><ams:description>Access failure for API: /crm/regStatusService, version: v1.0.0 with key: afcdc6da2de13d1fa31b8169ec3c6c4</ams:description></ams:fault>
]]></system-out>
  </testcase>
</testsuite>